This file contains any messages produced by compilers while
running configure, to aid debugging if configure makes a mistake.

It was created by FULL-PACKAGE-NAME configure VERSION, which was
generated by GNU Autoconf 2.68.  Invocation command line was

  $ ./configure 

## --------- ##
## Platform. ##
## --------- ##

hostname = debian
uname -m = x86_64
uname -r = 4.9.0-7-amd64
uname -s = Linux
uname -v = #1 SMP Debian 4.9.110-3+deb9u2 (2018-08-13)

/usr/bin/uname -p = unknown
/bin/uname -X     = unknown

/bin/arch              = unknown
/usr/bin/arch -k       = unknown
/usr/convex/getsysinfo = unknown
/usr/bin/hostinfo      = unknown
/bin/machine           = unknown
/usr/bin/oslevel       = unknown
/bin/universe          = unknown

PATH: /usr/local/bin
PATH: /usr/bin
PATH: /bin
PATH: /usr/local/games
PATH: /usr/games


## ----------- ##
## Core tests. ##
## ----------- ##

configure:2233: checking for g++
configure:2249: found /usr/bin/g++
configure:2260: result: g++
configure:2287: checking for C++ compiler version
configure:2296: g++ --version >&5
g++ (Debian 6.3.0-18+deb9u1) 6.3.0 20170516
Copyright (C) 2016 Free Software Foundation, Inc.
This is free software; see the source for copying conditions.  There is NO
warranty; not even for MERCHANTABILITY or FITNESS FOR A PARTICULAR PURPOSE.

configure:2307: $? = 0
configure:2296: g++ -v >&5
Using built-in specs.
COLLECT_GCC=g++
COLLECT_LTO_WRAPPER=/usr/lib/gcc/x86_64-linux-gnu/6/lto-wrapper
Target: x86_64-linux-gnu
Configured with: ../src/configure -v --with-pkgversion='Debian 6.3.0-18+deb9u1' --with-bugurl=file:///usr/share/doc/gcc-6/README.Bugs --enable-languages=c,ada,c++,java,go,d,fortran,objc,obj-c++ --prefix=/usr --program-suffix=-6 --program-prefix=x86_64-linux-gnu- --enable-shared --enable-linker-build-id --libexecdir=/usr/lib --without-included-gettext --enable-threads=posix --libdir=/usr/lib --enable-nls --with-sysroot=/ --enable-clocale=gnu --enable-libstdcxx-debug --enable-libstdcxx-time=yes --with-default-libstdcxx-abi=new --enable-gnu-unique-object --disable-vtable-verify --enable-libmpx --enable-plugin --enable-default-pie --with-system-zlib --disable-browser-plugin --enable-java-awt=gtk --enable-gtk-cairo --with-java-home=/usr/lib/jvm/java-1.5.0-gcj-6-amd64/jre --enable-java-home --with-jvm-root-dir=/usr/lib/jvm/java-1.5.0-gcj-6-amd64 --with-jvm-jar-dir=/usr/lib/jvm-exports/java-1.5.0-gcj-6-amd64 --with-arch-directory=amd64 --with-ecj-jar=/usr/share/java/eclipse-ecj.jar --with-target-system-zlib --enable-objc-gc=auto --enable-multiarch --with-arch-32=i686 --with-abi=m64 --with-multilib-list=m32,m64,mx32 --enable-multilib --with-tune=generic --enable-checking=release --build=x86_64-linux-gnu --host=x86_64-linux-gnu --target=x86_64-linux-gnu
Thread model: posix
gcc version 6.3.0 20170516 (Debian 6.3.0-18+deb9u1) 
configure:2307: $? = 0
configure:2296: g++ -V >&5
g++: error: unrecognized command line option '-V'
g++: fatal error: no input files
compilation terminated.
configure:2307: $? = 1
configure:2296: g++ -qversion >&5
g++: error: unrecognized command line option '-qversion'; did you mean '--version'?
g++: fatal error: no input files
compilation terminated.
configure:2307: $? = 1
configure:2327: checking whether the C++ compiler works
configure:2349: g++    conftest.cpp  >&5
configure:2353: $? = 0
configure:2401: result: yes
configure:2404: checking for C++ compiler default output file name
configure:2406: result: a.out
configure:2412: checking for suffix of executables
configure:2419: g++ -o conftest    conftest.cpp  >&5
configure:2423: $? = 0
configure:2445: result: 
configure:2467: checking whether we are cross compiling
configure:2475: g++ -o conftest    conftest.cpp  >&5
configure:2479: $? = 0
configure:2486: ./conftest
configure:2490: $? = 0
configure:2505: result: no
configure:2510: checking for suffix of object files
configure:2532: g++ -c   conftest.cpp >&5
configure:2536: $? = 0
configure:2557: result: o
configure:2561: checking whether we are using the GNU C++ compiler
configure:2580: g++ -c   conftest.cpp >&5
configure:2580: $? = 0
configure:2589: result: yes
configure:2598: checking whether g++ accepts -g
configure:2618: g++ -c -g  conftest.cpp >&5
configure:2618: $? = 0
configure:2659: result: yes
configure:2730: checking for gcc
configure:2746: found /usr/bin/gcc
configure:2757: result: gcc
configure:2986: checking for C compiler version
configure:2995: gcc --version >&5
gcc (Debian 6.3.0-18+deb9u1) 6.3.0 20170516
Copyright (C) 2016 Free Software Foundation, Inc.
This is free software; see the source for copying conditions.  There is NO
warranty; not even for MERCHANTABILITY or FITNESS FOR A PARTICULAR PURPOSE.

configure:3006: $? = 0
configure:2995: gcc -v >&5
Using built-in specs.
COLLECT_GCC=gcc
COLLECT_LTO_WRAPPER=/usr/lib/gcc/x86_64-linux-gnu/6/lto-wrapper
Target: x86_64-linux-gnu
Configured with: ../src/configure -v --with-pkgversion='Debian 6.3.0-18+deb9u1' --with-bugurl=file:///usr/share/doc/gcc-6/README.Bugs --enable-languages=c,ada,c++,java,go,d,fortran,objc,obj-c++ --prefix=/usr --program-suffix=-6 --program-prefix=x86_64-linux-gnu- --enable-shared --enable-linker-build-id --libexecdir=/usr/lib --without-included-gettext --enable-threads=posix --libdir=/usr/lib --enable-nls --with-sysroot=/ --enable-clocale=gnu --enable-libstdcxx-debug --enable-libstdcxx-time=yes --with-default-libstdcxx-abi=new --enable-gnu-unique-object --disable-vtable-verify --enable-libmpx --enable-plugin --enable-default-pie --with-system-zlib --disable-browser-plugin --enable-java-awt=gtk --enable-gtk-cairo --with-java-home=/usr/lib/jvm/java-1.5.0-gcj-6-amd64/jre --enable-java-home --with-jvm-root-dir=/usr/lib/jvm/java-1.5.0-gcj-6-amd64 --with-jvm-jar-dir=/usr/lib/jvm-exports/java-1.5.0-gcj-6-amd64 --with-arch-directory=amd64 --with-ecj-jar=/usr/share/java/eclipse-ecj.jar --with-target-system-zlib --enable-objc-gc=auto --enable-multiarch --with-arch-32=i686 --with-abi=m64 --with-multilib-list=m32,m64,mx32 --enable-multilib --with-tune=generic --enable-checking=release --build=x86_64-linux-gnu --host=x86_64-linux-gnu --target=x86_64-linux-gnu
Thread model: posix
gcc version 6.3.0 20170516 (Debian 6.3.0-18+deb9u1) 
configure:3006: $? = 0
configure:2995: gcc -V >&5
gcc: error: unrecognized command line option '-V'
gcc: fatal error: no input files
compilation terminated.
configure:3006: $? = 1
configure:2995: gcc -qversion >&5
gcc: error: unrecognized command line option '-qversion'; did you mean '--version'?
gcc: fatal error: no input files
compilation terminated.
configure:3006: $? = 1
configure:3010: checking whether we are using the GNU C compiler
configure:3029: gcc -c   conftest.c >&5
configure:3029: $? = 0
configure:3038: result: yes
configure:3047: checking whether gcc accepts -g
configure:3067: gcc -c -g  conftest.c >&5
configure:3067: $? = 0
configure:3108: result: yes
configure:3125: checking for gcc option to accept ISO C89
configure:3189: gcc  -c -g -O2  conftest.c >&5
configure:3189: $? = 0
configure:3202: result: none needed
configure:3222: checking whether make sets $(MAKE)
configure:3244: result: yes
configure:3256: checking for gdImageCreateTrueColor in -lgd
configure:3281: gcc -o conftest -g -O2   conftest.c -lgd   >&5
configure:3281: $? = 0
configure:3290: result: yes
configure:3301: checking for gdImageColorAllocate in -lgd
configure:3326: gcc -o conftest -g -O2   conftest.c -lgd  -lgd  >&5
configure:3326: $? = 0
configure:3335: result: yes
configure:3346: checking for gdImageColorTransparent in -lgd
configure:3371: gcc -o conftest -g -O2   conftest.c -lgd  -lgd -lgd  >&5
configure:3371: $? = 0
configure:3380: result: yes
configure:3391: checking for gdImageFill in -lgd
configure:3416: gcc -o conftest -g -O2   conftest.c -lgd  -lgd -lgd -lgd  >&5
configure:3416: $? = 0
configure:3425: result: yes
configure:3436: checking for gdImageDestroy in -lgd
configure:3461: gcc -o conftest -g -O2   conftest.c -lgd  -lgd -lgd -lgd -lgd  >&5
configure:3461: $? = 0
configure:3470: result: yes
configure:3481: checking for gdImageColorResolve in -lgd
configure:3506: gcc -o conftest -g -O2   conftest.c -lgd  -lgd -lgd -lgd -lgd -lgd  >&5
configure:3506: $? = 0
configure:3515: result: yes
configure:3526: checking for gdImageFilledPolygon in -lgd
configure:3551: gcc -o conftest -g -O2   conftest.c -lgd  -lgd -lgd -lgd -lgd -lgd -lgd  >&5
configure:3551: $? = 0
configure:3560: result: yes
configure:3578: checking how to run the C preprocessor
configure:3609: gcc -E  conftest.c
configure:3609: $? = 0
configure:3623: gcc -E  conftest.c
conftest.c:16:28: fatal error: ac_nonexistent.h: No such file or directory
 #include <ac_nonexistent.h>
                            ^
compilation terminated.
configure:3623: $? = 1
configure: failed program was:
| /* confdefs.h */
| #define PACKAGE_NAME "FULL-PACKAGE-NAME"
| #define PACKAGE_TARNAME "full-package-name"
| #define PACKAGE_VERSION "VERSION"
| #define PACKAGE_STRING "FULL-PACKAGE-NAME VERSION"
| #define PACKAGE_BUGREPORT "BUG-REPORT-ADDRESS"
| #define PACKAGE_URL ""
| #define HAVE_LIBGD 1
| #define HAVE_LIBGD 1
| #define HAVE_LIBGD 1
| #define HAVE_LIBGD 1
| #define HAVE_LIBGD 1
| #define HAVE_LIBGD 1
| #define HAVE_LIBGD 1
| /* end confdefs.h.  */
| #include <ac_nonexistent.h>
configure:3648: result: gcc -E
configure:3668: gcc -E  conftest.c
configure:3668: $? = 0
configure:3682: gcc -E  conftest.c
conftest.c:16:28: fatal error: ac_nonexistent.h: No such file or directory
 #include <ac_nonexistent.h>
                            ^
compilation terminated.
configure:3682: $? = 1
configure: failed program was:
| /* confdefs.h */
| #define PACKAGE_NAME "FULL-PACKAGE-NAME"
| #define PACKAGE_TARNAME "full-package-name"
| #define PACKAGE_VERSION "VERSION"
| #define PACKAGE_STRING "FULL-PACKAGE-NAME VERSION"
| #define PACKAGE_BUGREPORT "BUG-REPORT-ADDRESS"
| #define PACKAGE_URL ""
| #define HAVE_LIBGD 1
| #define HAVE_LIBGD 1
| #define HAVE_LIBGD 1
| #define HAVE_LIBGD 1
| #define HAVE_LIBGD 1
| #define HAVE_LIBGD 1
| #define HAVE_LIBGD 1
| /* end confdefs.h.  */
| #include <ac_nonexistent.h>
configure:3711: checking for grep that handles long lines and -e
configure:3769: result: /bin/grep
configure:3774: checking for egrep
configure:3836: result: /bin/grep -E
configure:3841: checking for ANSI C header files
configure:3861: gcc -c -g -O2  conftest.c >&5
configure:3861: $? = 0
configure:3934: gcc -o conftest -g -O2   conftest.c -lgd -lgd -lgd -lgd -lgd -lgd -lgd  >&5
configure:3934: $? = 0
configure:3934: ./conftest
./conftest: error while loading shared libraries: libgd.so.3: cannot open shared object file: No such file or directory
configure:3934: $? = 127
configure: program exited with status 127
configure: failed program was:
| /* confdefs.h */
| #define PACKAGE_NAME "FULL-PACKAGE-NAME"
| #define PACKAGE_TARNAME "full-package-name"
| #define PACKAGE_VERSION "VERSION"
| #define PACKAGE_STRING "FULL-PACKAGE-NAME VERSION"
| #define PACKAGE_BUGREPORT "BUG-REPORT-ADDRESS"
| #define PACKAGE_URL ""
| #define HAVE_LIBGD 1
| #define HAVE_LIBGD 1
| #define HAVE_LIBGD 1
| #define HAVE_LIBGD 1
| #define HAVE_LIBGD 1
| #define HAVE_LIBGD 1
| #define HAVE_LIBGD 1
| /* end confdefs.h.  */
| #include <ctype.h>
| #include <stdlib.h>
| #if ((' ' & 0x0FF) == 0x020)
| # define ISLOWER(c) ('a' <= (c) && (c) <= 'z')
| # define TOUPPER(c) (ISLOWER(c) ? 'A' + ((c) - 'a') : (c))
| #else
| # define ISLOWER(c) 		   (('a' <= (c) && (c) <= 'i') 		     || ('j' <= (c) && (c) <= 'r') 		     || ('s' <= (c) && (c) <= 'z'))
| # define TOUPPER(c) (ISLOWER(c) ? ((c) | 0x40) : (c))
| #endif
| 
| #define XOR(e, f) (((e) && !(f)) || (!(e) && (f)))
| int
| main ()
| {
|   int i;
|   for (i = 0; i < 256; i++)
|     if (XOR (islower (i), ISLOWER (i))
| 	|| toupper (i) != TOUPPER (i))
|       return 2;
|   return 0;
| }
configure:3945: result: no
configure:3958: checking for sys/types.h
configure:3958: gcc -c -g -O2  conftest.c >&5
configure:3958: $? = 0
configure:3958: result: yes
configure:3958: checking for sys/stat.h
configure:3958: gcc -c -g -O2  conftest.c >&5
configure:3958: $? = 0
configure:3958: result: yes
configure:3958: checking for stdlib.h
configure:3958: gcc -c -g -O2  conftest.c >&5
configure:3958: $? = 0
configure:3958: result: yes
configure:3958: checking for string.h
configure:3958: gcc -c -g -O2  conftest.c >&5
configure:3958: $? = 0
configure:3958: result: yes
configure:3958: checking for memory.h
configure:3958: gcc -c -g -O2  conftest.c >&5
configure:3958: $? = 0
configure:3958: result: yes
configure:3958: checking for strings.h
configure:3958: gcc -c -g -O2  conftest.c >&5
configure:3958: $? = 0
configure:3958: result: yes
configure:3958: checking for inttypes.h
configure:3958: gcc -c -g -O2  conftest.c >&5
configure:3958: $? = 0
configure:3958: result: yes
configure:3958: checking for stdint.h
configure:3958: gcc -c -g -O2  conftest.c >&5
configure:3958: $? = 0
configure:3958: result: yes
configure:3958: checking for unistd.h
configure:3958: gcc -c -g -O2  conftest.c >&5
configure:3958: $? = 0
configure:3958: result: yes
configure:3973: checking for memory.h
configure:3973: result: yes
configure:3973: checking stddef.h usability
configure:3973: gcc -c -g -O2  conftest.c >&5
configure:3973: $? = 0
configure:3973: result: yes
configure:3973: checking stddef.h presence
configure:3973: gcc -E  conftest.c
configure:3973: $? = 0
configure:3973: result: yes
configure:3973: checking for stddef.h
configure:3973: result: yes
configure:3973: checking for stdlib.h
configure:3973: result: yes
configure:3973: checking for unistd.h
configure:3973: result: yes
configure:3985: checking for stdbool.h that conforms to C99
configure:4052: gcc -c -g -O2  conftest.c >&5
configure:4052: $? = 0
configure:4059: result: yes
configure:4061: checking for _Bool
configure:4061: gcc -c -g -O2  conftest.c >&5
configure:4061: $? = 0
configure:4061: gcc -c -g -O2  conftest.c >&5
conftest.c: In function 'main':
conftest.c:65:20: error: expected expression before ')' token
 if (sizeof ((_Bool)))
                    ^
configure:4061: $? = 1
configure: failed program was:
| /* confdefs.h */
| #define PACKAGE_NAME "FULL-PACKAGE-NAME"
| #define PACKAGE_TARNAME "full-package-name"
| #define PACKAGE_VERSION "VERSION"
| #define PACKAGE_STRING "FULL-PACKAGE-NAME VERSION"
| #define PACKAGE_BUGREPORT "BUG-REPORT-ADDRESS"
| #define PACKAGE_URL ""
| #define HAVE_LIBGD 1
| #define HAVE_LIBGD 1
| #define HAVE_LIBGD 1
| #define HAVE_LIBGD 1
| #define HAVE_LIBGD 1
| #define HAVE_LIBGD 1
| #define HAVE_LIBGD 1
| #define HAVE_SYS_TYPES_H 1
| #define HAVE_SYS_STAT_H 1
| #define HAVE_STDLIB_H 1
| #define HAVE_STRING_H 1
| #define HAVE_MEMORY_H 1
| #define HAVE_STRINGS_H 1
| #define HAVE_INTTYPES_H 1
| #define HAVE_STDINT_H 1
| #define HAVE_UNISTD_H 1
| #define HAVE_MEMORY_H 1
| #define HAVE_STDDEF_H 1
| #define HAVE_STDLIB_H 1
| #define HAVE_UNISTD_H 1
| /* end confdefs.h.  */
| #include <stdio.h>
| #ifdef HAVE_SYS_TYPES_H
| # include <sys/types.h>
| #endif
| #ifdef HAVE_SYS_STAT_H
| # include <sys/stat.h>
| #endif
| #ifdef STDC_HEADERS
| # include <stdlib.h>
| # include <stddef.h>
| #else
| # ifdef HAVE_STDLIB_H
| #  include <stdlib.h>
| # endif
| #endif
| #ifdef HAVE_STRING_H
| # if !defined STDC_HEADERS && defined HAVE_MEMORY_H
| #  include <memory.h>
| # endif
| # include <string.h>
| #endif
| #ifdef HAVE_STRINGS_H
| # include <strings.h>
| #endif
| #ifdef HAVE_INTTYPES_H
| # include <inttypes.h>
| #endif
| #ifdef HAVE_STDINT_H
| # include <stdint.h>
| #endif
| #ifdef HAVE_UNISTD_H
| # include <unistd.h>
| #endif
| int
| main ()
| {
| if (sizeof ((_Bool)))
| 	    return 0;
|   ;
|   return 0;
| }
configure:4061: result: yes
configure:4077: checking for inline
configure:4093: gcc -c -g -O2  conftest.c >&5
configure:4093: $? = 0
configure:4101: result: inline
configure:4123: checking for sqrt
configure:4123: gcc -o conftest -g -O2   conftest.c -lgd -lgd -lgd -lgd -lgd -lgd -lgd  >&5
conftest.c:54:6: warning: conflicting types for built-in function 'sqrt'
 char sqrt ();
      ^~~~
/usr/bin/ld: /tmp/ccJHqN3C.o: undefined reference to symbol 'sqrt@@GLIBC_2.2.5'
//lib/x86_64-linux-gnu/libm.so.6: error adding symbols: DSO missing from command line
collect2: error: ld returned 1 exit status
configure:4123: $? = 1
configure: failed program was:
| /* confdefs.h */
| #define PACKAGE_NAME "FULL-PACKAGE-NAME"
| #define PACKAGE_TARNAME "full-package-name"
| #define PACKAGE_VERSION "VERSION"
| #define PACKAGE_STRING "FULL-PACKAGE-NAME VERSION"
| #define PACKAGE_BUGREPORT "BUG-REPORT-ADDRESS"
| #define PACKAGE_URL ""
| #define HAVE_LIBGD 1
| #define HAVE_LIBGD 1
| #define HAVE_LIBGD 1
| #define HAVE_LIBGD 1
| #define HAVE_LIBGD 1
| #define HAVE_LIBGD 1
| #define HAVE_LIBGD 1
| #define HAVE_SYS_TYPES_H 1
| #define HAVE_SYS_STAT_H 1
| #define HAVE_STDLIB_H 1
| #define HAVE_STRING_H 1
| #define HAVE_MEMORY_H 1
| #define HAVE_STRINGS_H 1
| #define HAVE_INTTYPES_H 1
| #define HAVE_STDINT_H 1
| #define HAVE_UNISTD_H 1
| #define HAVE_MEMORY_H 1
| #define HAVE_STDDEF_H 1
| #define HAVE_STDLIB_H 1
| #define HAVE_UNISTD_H 1
| #define HAVE__BOOL 1
| #define HAVE_STDBOOL_H 1
| /* end confdefs.h.  */
| /* Define sqrt to an innocuous variant, in case <limits.h> declares sqrt.
|    For example, HP-UX 11i <limits.h> declares gettimeofday.  */
| #define sqrt innocuous_sqrt
| 
| /* System header to define __stub macros and hopefully few prototypes,
|     which can conflict with char sqrt (); below.
|     Prefer <limits.h> to <assert.h> if __STDC__ is defined, since
|     <limits.h> exists even on freestanding compilers.  */
| 
| #ifdef __STDC__
| # include <limits.h>
| #else
| # include <assert.h>
| #endif
| 
| #undef sqrt
| 
| /* Override any GCC internal prototype to avoid an error.
|    Use char because int might match the return type of a GCC
|    builtin and then its argument prototype would still apply.  */
| #ifdef __cplusplus
| extern "C"
| #endif
| char sqrt ();
| /* The GNU C library defines this for functions which it implements
|     to always fail with ENOSYS.  Some functions are actually named
|     something starting with __ and the normal name is an alias.  */
| #if defined __stub_sqrt || defined __stub___sqrt
| choke me
| #endif
| 
| int
| main ()
| {
| return sqrt ();
|   ;
|   return 0;
| }
configure:4123: result: no
configure:4249: creating ./config.status

## ---------------------- ##
## Running config.status. ##
## ---------------------- ##

This file was extended by FULL-PACKAGE-NAME config.status VERSION, which was
generated by GNU Autoconf 2.68.  Invocation command line was

  CONFIG_FILES    = 
  CONFIG_HEADERS  = 
  CONFIG_LINKS    = 
  CONFIG_COMMANDS = 
  $ ./config.status 

on debian

config.status:826: creating Makefile
config.status:826: creating math3d/Makefile
config.status:826: creating config.h
config.status:996: config.h is unchanged

## ---------------- ##
## Cache variables. ##
## ---------------- ##

ac_cv_c_compiler_gnu=yes
ac_cv_c_inline=inline
ac_cv_cxx_compiler_gnu=yes
ac_cv_env_CCC_set=
ac_cv_env_CCC_value=
ac_cv_env_CC_set=
ac_cv_env_CC_value=
ac_cv_env_CFLAGS_set=
ac_cv_env_CFLAGS_value=
ac_cv_env_CPPFLAGS_set=
ac_cv_env_CPPFLAGS_value=
ac_cv_env_CPP_set=
ac_cv_env_CPP_value=
ac_cv_env_CXXFLAGS_set=
ac_cv_env_CXXFLAGS_value=
ac_cv_env_CXX_set=
ac_cv_env_CXX_value=
ac_cv_env_LDFLAGS_set=
ac_cv_env_LDFLAGS_value=
ac_cv_env_LIBS_set=
ac_cv_env_LIBS_value=
ac_cv_env_build_alias_set=
ac_cv_env_build_alias_value=
ac_cv_env_host_alias_set=
ac_cv_env_host_alias_value=
ac_cv_env_target_alias_set=
ac_cv_env_target_alias_value=
ac_cv_func_sqrt=no
ac_cv_header_inttypes_h=yes
ac_cv_header_memory_h=yes
ac_cv_header_stdbool_h=yes
ac_cv_header_stdc=no
ac_cv_header_stddef_h=yes
ac_cv_header_stdint_h=yes
ac_cv_header_stdlib_h=yes
ac_cv_header_string_h=yes
ac_cv_header_strings_h=yes
ac_cv_header_sys_stat_h=yes
ac_cv_header_sys_types_h=yes
ac_cv_header_unistd_h=yes
ac_cv_lib_gd_gdImageColorAllocate=yes
ac_cv_lib_gd_gdImageColorResolve=yes
ac_cv_lib_gd_gdImageColorTransparent=yes
ac_cv_lib_gd_gdImageCreateTrueColor=yes
ac_cv_lib_gd_gdImageDestroy=yes
ac_cv_lib_gd_gdImageFill=yes
ac_cv_lib_gd_gdImageFilledPolygon=yes
ac_cv_objext=o
ac_cv_path_EGREP='/bin/grep -E'
ac_cv_path_GREP=/bin/grep
ac_cv_prog_CPP='gcc -E'
ac_cv_prog_ac_ct_CC=gcc
ac_cv_prog_ac_ct_CXX=g++
ac_cv_prog_cc_c89=
ac_cv_prog_cc_g=yes
ac_cv_prog_cxx_g=yes
ac_cv_prog_make_make_set=yes
ac_cv_type__Bool=yes

## ----------------- ##
## Output variables. ##
## ----------------- ##

CC='gcc'
CFLAGS='-g -O2'
CPP='gcc -E'
CPPFLAGS=''
CXX='g++'
CXXFLAGS='-g -O2'
DEFS='-DHAVE_CONFIG_H'
ECHO_C=''
ECHO_N='-n'
ECHO_T=''
EGREP='/bin/grep -E'
EXEEXT=''
GREP='/bin/grep'
LDFLAGS=''
LIBOBJS=''
LIBS='-lgd -lgd -lgd -lgd -lgd -lgd -lgd '
LTLIBOBJS=''
OBJEXT='o'
PACKAGE_BUGREPORT='BUG-REPORT-ADDRESS'
PACKAGE_NAME='FULL-PACKAGE-NAME'
PACKAGE_STRING='FULL-PACKAGE-NAME VERSION'
PACKAGE_TARNAME='full-package-name'
PACKAGE_URL=''
PACKAGE_VERSION='VERSION'
PATH_SEPARATOR=':'
SET_MAKE=''
SHELL='/bin/bash'
ac_ct_CC='gcc'
ac_ct_CXX='g++'
bindir='${exec_prefix}/bin'
build_alias=''
datadir='${datarootdir}'
datarootdir='${prefix}/share'
docdir='${datarootdir}/doc/${PACKAGE_TARNAME}'
dvidir='${docdir}'
exec_prefix='${prefix}'
host_alias=''
htmldir='${docdir}'
includedir='${prefix}/include'
infodir='${datarootdir}/info'
libdir='${exec_prefix}/lib'
libexecdir='${exec_prefix}/libexec'
localedir='${datarootdir}/locale'
localstatedir='${prefix}/var'
mandir='${datarootdir}/man'
oldincludedir='/usr/include'
pdfdir='${docdir}'
prefix='/usr/local'
program_transform_name='s,x,x,'
psdir='${docdir}'
sbindir='${exec_prefix}/sbin'
sharedstatedir='${prefix}/com'
sysconfdir='${prefix}/etc'
target_alias=''

## ----------- ##
## confdefs.h. ##
## ----------- ##

/* confdefs.h */
#define PACKAGE_NAME "FULL-PACKAGE-NAME"
#define PACKAGE_TARNAME "full-package-name"
#define PACKAGE_VERSION "VERSION"
#define PACKAGE_STRING "FULL-PACKAGE-NAME VERSION"
#define PACKAGE_BUGREPORT "BUG-REPORT-ADDRESS"
#define PACKAGE_URL ""
#define HAVE_LIBGD 1
#define HAVE_LIBGD 1
#define HAVE_LIBGD 1
#define HAVE_LIBGD 1
#define HAVE_LIBGD 1
#define HAVE_LIBGD 1
#define HAVE_LIBGD 1
#define HAVE_SYS_TYPES_H 1
#define HAVE_SYS_STAT_H 1
#define HAVE_STDLIB_H 1
#define HAVE_STRING_H 1
#define HAVE_MEMORY_H 1
#define HAVE_STRINGS_H 1
#define HAVE_INTTYPES_H 1
#define HAVE_STDINT_H 1
#define HAVE_UNISTD_H 1
#define HAVE_MEMORY_H 1
#define HAVE_STDDEF_H 1
#define HAVE_STDLIB_H 1
#define HAVE_UNISTD_H 1
#define HAVE__BOOL 1
#define HAVE_STDBOOL_H 1

configure: exit 0
